#
# A fatal error has been detected by the Java Runtime Environment:
#
#  Internal Error (0xc000000d), pid=8216, tid=8184
#
# JRE version: Java(TM) SE Runtime Environment (8.0_60-b27) (build 1.8.0_60-b27)
# Java VM: Java HotSpot(TM) 64-Bit Server VM (25.60-b23 mixed mode windows-amd64 compressed oops)
# Problematic frame:
# C  [ntdll.dll+0xfe5ec]
#
# Failed to write core dump. Minidumps are not enabled by default on client versions of Windows
#
# If you would like to submit a bug report, please visit:
#   http://bugreport.java.com/bugreport/crash.jsp
#

---------------  T H R E A D  ---------------

Current thread (0x0000000017a37000):  VMThread [stack: 0x0000000018ac0000,0x0000000018bc0000] [id=8184]

siginfo: ExceptionCode=0xc000000d

Registers:
RAX=0x0000000000000000, RBX=0x00000000011a3340, RCX=0x0000000000000000, RDX=0x0000000000000000
RSP=0x0000000018bbec40, RBP=0x0000000000000000, RSI=0x000000001b1f0e20, RDI=0x000000001b1eab60
R8 =0x0000000000000000, R9 =0x0000000000000000, R10=0x0000000000000000, R11=0x0000000000000000
R12=0x0000000000000000, R13=0x00000000ffffffff, R14=0x000000001b1db0e0, R15=0x000000001b1f0e20
RIP=0x00007fffcda2e5ec, EFLAGS=0x0000000000000202

Top of Stack: (sp=0x0000000018bbec40)
0x0000000018bbec40:   0000000000000057 00000000011a3340
0x0000000018bbec50:   000000001b1f0e20 000000001b1eab60
0x0000000018bbec60:   00000000c000000d 0000000000000000
0x0000000018bbec70:   00007fffcda2e5ec 0000000000000000
0x0000000018bbec80:   0000000000000000 0000000000000000
0x0000000018bbec90:   0000000000000000 0000000000000000
0x0000000018bbeca0:   0000000000000000 0000000000000000
0x0000000018bbecb0:   0000000000000000 0000000000000000
0x0000000018bbecc0:   0000000000000000 0000000000000000
0x0000000018bbecd0:   0000000000000000 0000000000000000
0x0000000018bbece0:   0000000000000000 0000000000000000
0x0000000018bbecf0:   0000000000000000 0000000018bbef24
0x0000000018bbed00:   0000bfddf215a564 0000000000000000
0x0000000018bbed10:   0000000100000007 00007fffcd9f0a3b
0x0000000018bbed20:   000000007f672f4b 00007fffaa3ce8db
0x0000000018bbed30:   0000000000000007 0000000000000000 

Instructions: (pc=0x00007fffcda2e5ec)
0x00007fffcda2e5cc:   d1 fa ff c7 44 24 20 0d 00 00 c0 b9 57 00 00 00
0x00007fffcda2e5dc:   e8 9f 0f f6 ff 90 48 8d 4c 24 20 e8 24 bb f4 ff
0x00007fffcda2e5ec:   eb 00 48 8b 8c 24 c0 00 00 00 48 33 cc e8 62 70
0x00007fffcda2e5fc:   f9 ff 48 81 c4 d8 00 00 00 c3 40 55 48 83 ec 20 


Register to memory mapping:

RAX=0x0000000000000000 is an unknown value
RBX=0x00000000011a3340 is an unknown value
RCX=0x0000000000000000 is an unknown value
RDX=0x0000000000000000 is an unknown value
RSP=0x0000000018bbec40 is an unknown value
RBP=0x0000000000000000 is an unknown value
RSI=0x000000001b1f0e20 is an unknown value
RDI=0x000000001b1eab60 is an unknown value
R8 =0x0000000000000000 is an unknown value
R9 =0x0000000000000000 is an unknown value
R10=0x0000000000000000 is an unknown value
R11=0x0000000000000000 is an unknown value
R12=0x0000000000000000 is an unknown value
R13=0x00000000ffffffff is an unallocated location in the heap
R14=0x000000001b1db0e0 is an unknown value
R15=0x000000001b1f0e20 is an unknown value


Stack: [0x0000000018ac0000,0x0000000018bc0000],  sp=0x0000000018bbec40,  free space=1019k
Native frames: (J=compiled Java code, j=interpreted, Vv=VM code, C=native code)

VM_Operation (0x000000001ad6d430): Exit, mode: safepoint, requested by thread 0x0000000019790000


---------------  P R O C E S S  ---------------

Java Threads: ( => current thread )
  0x0000000019790000 JavaThread "AWT-EventQueue-0" [_thread_blocked, id=11768, stack(0x000000001ac70000,0x000000001ad70000)]
  0x000000001977b800 JavaThread "AWT-Shutdown" [_thread_blocked, id=1316, stack(0x000000001a4a0000,0x000000001a5a0000)]
  0x0000000019775800 JavaThread "Java2D Disposer" daemon [_thread_blocked, id=6844, stack(0x000000001a2e0000,0x000000001a3e0000)]
  0x00000000193ce000 JavaThread "Service Thread" daemon [_thread_blocked, id=10136, stack(0x00000000197b0000,0x00000000198b0000)]
  0x0000000017a75000 JavaThread "C1 CompilerThread2" daemon [_thread_blocked, id=3176, stack(0x00000000192b0000,0x00000000193b0000)]
  0x0000000017a72000 JavaThread "C2 CompilerThread1" daemon [_thread_blocked, id=9488, stack(0x00000000191b0000,0x00000000192b0000)]
  0x0000000017a6b800 JavaThread "C2 CompilerThread0" daemon [_thread_blocked, id=9532, stack(0x00000000190b0000,0x00000000191b0000)]
  0x0000000017a69000 JavaThread "Attach Listener" daemon [_thread_blocked, id=6876, stack(0x0000000018fb0000,0x00000000190b0000)]
  0x0000000017a68800 JavaThread "Signal Dispatcher" daemon [_thread_blocked, id=4704, stack(0x0000000018eb0000,0x0000000018fb0000)]
  0x0000000002f38800 JavaThread "Finalizer" daemon [_thread_blocked, id=7336, stack(0x0000000018cc0000,0x0000000018dc0000)]
  0x0000000017a38800 JavaThread "Reference Handler" daemon [_thread_blocked, id=6040, stack(0x0000000018bc0000,0x0000000018cc0000)]
  0x0000000002cfd800 JavaThread "main" [_thread_blocked, id=2444, stack(0x0000000002d40000,0x0000000002e40000)]

Other Threads:
=>0x0000000017a37000 VMThread [stack: 0x0000000018ac0000,0x0000000018bc0000] [id=8184]

VM state:at safepoint (shutting down)

VM Mutex/Monitor currently owned by a thread:  ([mutex/lock_event])
[0x0000000002cfd340] Threads_lock - owner thread: 0x0000000017a37000

Heap:
 PSYoungGen      total 28160K, used 15435K [0x00000000d5f00000, 0x00000000d8000000, 0x0000000100000000)
  eden space 22528K, 61% used [0x00000000d5f00000,0x00000000d6c884f0,0x00000000d7500000)
  from space 5632K, 28% used [0x00000000d7500000,0x00000000d768a830,0x00000000d7a80000)
  to   space 5632K, 0% used [0x00000000d7a80000,0x00000000d7a80000,0x00000000d8000000)
 ParOldGen       total 87552K, used 14626K [0x0000000081c00000, 0x0000000087180000, 0x00000000d5f00000)
  object space 87552K, 16% used [0x0000000081c00000,0x0000000082a48b80,0x0000000087180000)
 Metaspace       used 13930K, capacity 14114K, committed 14208K, reserved 1062912K
  class space    used 1544K, capacity 1607K, committed 1664K, reserved 1048576K

Card table byte_map: [0x0000000012300000,0x0000000012700000] byte_map_base: 0x0000000011ef2000

Marking Bits: (ParMarkBitMap*) 0x000000006092a5b0
 Begin Bits: [0x0000000012db0000, 0x0000000014d40000)
 End Bits:   [0x0000000014d40000, 0x0000000016cd0000)

Polling page: 0x0000000002c70000

CodeCache: size=245760Kb used=6328Kb max_used=6332Kb free=239431Kb
 bounds [0x0000000002f40000, 0x0000000003580000, 0x0000000011f40000]
 total_blobs=2641 nmethods=1963 adapters=590
 compilation: enabled

Compilation events (10 events):
Event: 40.308 Thread 0x0000000017a6b800 2135       4       java.util.ArrayList$Itr::next (66 bytes)
Event: 40.309 Thread 0x0000000017a6b800 nmethod 2135 0x0000000003576950 code [0x0000000003576aa0, 0x0000000003576bb8]
Event: 41.082 Thread 0x0000000017a75000 2136       3       java.util.logging.LogManager::access$100 (4 bytes)
Event: 41.082 Thread 0x0000000017a75000 nmethod 2136 0x0000000003575610 code [0x0000000003575760, 0x0000000003575890]
Event: 41.082 Thread 0x0000000017a75000 2137       3       java.util.logging.LogManager$LoggerContext::requiresDefaultLoggers (29 bytes)
Event: 41.083 Thread 0x0000000017a75000 nmethod 2137 0x0000000003574f90 code [0x0000000003575100, 0x0000000003575528]
Event: 41.084 Thread 0x0000000017a75000 2138       3       java.util.logging.LogManager$LoggerContext::ensureDefaultLogger (70 bytes)
Event: 41.084 Thread 0x0000000017a75000 nmethod 2138 0x0000000003574350 code [0x0000000003574500, 0x0000000003574d88]
Event: 41.086 Thread 0x0000000017a75000 2139       3       java.util.Hashtable$Enumerator::hasMoreElements (53 bytes)
Event: 41.086 Thread 0x0000000017a75000 nmethod 2139 0x0000000003573dd0 code [0x0000000003573f40, 0x0000000003574210]

GC Heap History (10 events):
Event: 40.667 GC heap before
{Heap before GC invocations=263 (full 0):
 PSYoungGen      total 28160K, used 25391K [0x00000000d5f00000, 0x00000000d8000000, 0x0000000100000000)
  eden space 22528K, 97% used [0x00000000d5f00000,0x00000000d747f3f8,0x00000000d7500000)
  from space 5632K, 59% used [0x00000000d7a80000,0x00000000d7dcc850,0x00000000d8000000)
  to   space 5632K, 0% used [0x00000000d7500000,0x00000000d7500000,0x00000000d7a80000)
 ParOldGen       total 87552K, used 14546K [0x0000000081c00000, 0x0000000087180000, 0x00000000d5f00000)
  object space 87552K, 16% used [0x0000000081c00000,0x0000000082a34b80,0x0000000087180000)
 Metaspace       used 13918K, capacity 14114K, committed 14208K, reserved 1062912K
  class space    used 1542K, capacity 1607K, committed 1664K, reserved 1048576K
Event: 40.668 GC heap after
Heap after GC invocations=263 (full 0):
 PSYoungGen      total 28160K, used 1054K [0x00000000d5f00000, 0x00000000d8000000, 0x0000000100000000)
  eden space 22528K, 0% used [0x00000000d5f00000,0x00000000d5f00000,0x00000000d7500000)
  from space 5632K, 18% used [0x00000000d7500000,0x00000000d7607858,0x00000000d7a80000)
  to   space 5632K, 0% used [0x00000000d7a80000,0x00000000d7a80000,0x00000000d8000000)
 ParOldGen       total 87552K, used 14562K [0x0000000081c00000, 0x0000000087180000, 0x00000000d5f00000)
  object space 87552K, 16% used [0x0000000081c00000,0x0000000082a38b80,0x0000000087180000)
 Metaspace       used 13918K, capacity 14114K, committed 14208K, reserved 1062912K
  class space    used 1542K, capacity 1607K, committed 1664K, reserved 1048576K
}
Event: 40.801 GC heap before
{Heap before GC invocations=264 (full 0):
 PSYoungGen      total 28160K, used 23582K [0x00000000d5f00000, 0x00000000d8000000, 0x0000000100000000)
  eden space 22528K, 100% used [0x00000000d5f00000,0x00000000d7500000,0x00000000d7500000)
  from space 5632K, 18% used [0x00000000d7500000,0x00000000d7607858,0x00000000d7a80000)
  to   space 5632K, 0% used [0x00000000d7a80000,0x00000000d7a80000,0x00000000d8000000)
 ParOldGen       total 87552K, used 14562K [0x0000000081c00000, 0x0000000087180000, 0x00000000d5f00000)
  object space 87552K, 16% used [0x0000000081c00000,0x0000000082a38b80,0x0000000087180000)
 Metaspace       used 13918K, capacity 14114K, committed 14208K, reserved 1062912K
  class space    used 1542K, capacity 1607K, committed 1664K, reserved 1048576K
Event: 40.801 GC heap after
Heap after GC invocations=264 (full 0):
 PSYoungGen      total 28160K, used 3378K [0x00000000d5f00000, 0x00000000d8000000, 0x0000000100000000)
  eden space 22528K, 0% used [0x00000000d5f00000,0x00000000d5f00000,0x00000000d7500000)
  from space 5632K, 59% used [0x00000000d7a80000,0x00000000d7dcc850,0x00000000d8000000)
  to   space 5632K, 0% used [0x00000000d7500000,0x00000000d7500000,0x00000000d7a80000)
 ParOldGen       total 87552K, used 14578K [0x0000000081c00000, 0x0000000087180000, 0x00000000d5f00000)
  object space 87552K, 16% used [0x0000000081c00000,0x0000000082a3cb80,0x0000000087180000)
 Metaspace       used 13918K, capacity 14114K, committed 14208K, reserved 1062912K
  class space    used 1542K, capacity 1607K, committed 1664K, reserved 1048576K
}
Event: 40.900 GC heap before
{Heap before GC invocations=265 (full 0):
 PSYoungGen      total 28160K, used 25906K [0x00000000d5f00000, 0x00000000d8000000, 0x0000000100000000)
  eden space 22528K, 100% used [0x00000000d5f00000,0x00000000d7500000,0x00000000d7500000)
  from space 5632K, 59% used [0x00000000d7a80000,0x00000000d7dcc850,0x00000000d8000000)
  to   space 5632K, 0% used [0x00000000d7500000,0x00000000d7500000,0x00000000d7a80000)
 ParOldGen       total 87552K, used 14578K [0x0000000081c00000, 0x0000000087180000, 0x00000000d5f00000)
  object space 87552K, 16% used [0x0000000081c00000,0x0000000082a3cb80,0x0000000087180000)
 Metaspace       used 13918K, capacity 14114K, committed 14208K, reserved 1062912K
  class space    used 1542K, capacity 1607K, committed 1664K, reserved 1048576K
Event: 40.901 GC heap after
Heap after GC invocations=265 (full 0):
 PSYoungGen      total 28160K, used 3378K [0x00000000d5f00000, 0x00000000d8000000, 0x0000000100000000)
  eden space 22528K, 0% used [0x00000000d5f00000,0x00000000d5f00000,0x00000000d7500000)
  from space 5632K, 59% used [0x00000000d7500000,0x00000000d784c850,0x00000000d7a80000)
  to   space 5632K, 0% used [0x00000000d7a80000,0x00000000d7a80000,0x00000000d8000000)
 ParOldGen       total 87552K, used 14594K [0x0000000081c00000, 0x0000000087180000, 0x00000000d5f00000)
  object space 87552K, 16% used [0x0000000081c00000,0x0000000082a40b80,0x0000000087180000)
 Metaspace       used 13918K, capacity 14114K, committed 14208K, reserved 1062912K
  class space    used 1542K, capacity 1607K, committed 1664K, reserved 1048576K
}
Event: 41.000 GC heap before
{Heap before GC invocations=266 (full 0):
 PSYoungGen      total 28160K, used 25906K [0x00000000d5f00000, 0x00000000d8000000, 0x0000000100000000)
  eden space 22528K, 100% used [0x00000000d5f00000,0x00000000d7500000,0x00000000d7500000)
  from space 5632K, 59% used [0x00000000d7500000,0x00000000d784c850,0x00000000d7a80000)
  to   space 5632K, 0% used [0x00000000d7a80000,0x00000000d7a80000,0x00000000d8000000)
 ParOldGen       total 87552K, used 14594K [0x0000000081c00000, 0x0000000087180000, 0x00000000d5f00000)
  object space 87552K, 16% used [0x0000000081c00000,0x0000000082a40b80,0x0000000087180000)
 Metaspace       used 13918K, capacity 14114K, committed 14208K, reserved 1062912K
  class space    used 1542K, capacity 1607K, committed 1664K, reserved 1048576K
Event: 41.001 GC heap after
Heap after GC invocations=266 (full 0):
 PSYoungGen      total 28160K, used 3378K [0x00000000d5f00000, 0x00000000d8000000, 0x0000000100000000)
  eden space 22528K, 0% used [0x00000000d5f00000,0x00000000d5f00000,0x00000000d7500000)
  from space 5632K, 59% used [0x00000000d7a80000,0x00000000d7dcc850,0x00000000d8000000)
  to   space 5632K, 0% used [0x00000000d7500000,0x00000000d7500000,0x00000000d7a80000)
 ParOldGen       total 87552K, used 14610K [0x0000000081c00000, 0x0000000087180000, 0x00000000d5f00000)
  object space 87552K, 16% used [0x0000000081c00000,0x0000000082a44b80,0x0000000087180000)
 Metaspace       used 13918K, capacity 14114K, committed 14208K, reserved 1062912K
  class space    used 1542K, capacity 1607K, committed 1664K, reserved 1048576K
}
Event: 41.104 GC heap before
{Heap before GC invocations=267 (full 0):
 PSYoungGen      total 28160K, used 25906K [0x00000000d5f00000, 0x00000000d8000000, 0x0000000100000000)
  eden space 22528K, 100% used [0x00000000d5f00000,0x00000000d7500000,0x00000000d7500000)
  from space 5632K, 59% used [0x00000000d7a80000,0x00000000d7dcc850,0x00000000d8000000)
  to   space 5632K, 0% used [0x00000000d7500000,0x00000000d7500000,0x00000000d7a80000)
 ParOldGen       total 87552K, used 14610K [0x0000000081c00000, 0x0000000087180000, 0x00000000d5f00000)
  object space 87552K, 16% used [0x0000000081c00000,0x0000000082a44b80,0x0000000087180000)
 Metaspace       used 13930K, capacity 14114K, committed 14208K, reserved 1062912K
  class space    used 1544K, capacity 1607K, committed 1664K, reserved 1048576K
Event: 41.105 GC heap after
Heap after GC invocations=267 (full 0):
 PSYoungGen      total 28160K, used 1578K [0x00000000d5f00000, 0x00000000d8000000, 0x0000000100000000)
  eden space 22528K, 0% used [0x00000000d5f00000,0x00000000d5f00000,0x00000000d7500000)
  from space 5632K, 28% used [0x00000000d7500000,0x00000000d768a830,0x00000000d7a80000)
  to   space 5632K, 0% used [0x00000000d7a80000,0x00000000d7a80000,0x00000000d8000000)
 ParOldGen       total 87552K, used 14626K [0x0000000081c00000, 0x0000000087180000, 0x00000000d5f00000)
  object space 87552K, 16% used [0x0000000081c00000,0x0000000082a48b80,0x0000000087180000)
 Metaspace       used 13930K, capacity 14114K, committed 14208K, reserved 1062912K
  class space    used 1544K, capacity 1607K, committed 1664K, reserved 1048576K
}

Deoptimization events (5 events):
Event: 2.081 Thread 0x0000000002cfd800 Uncommon trap: reason=unstable_if action=reinterpret pc=0x00000000031921a0 method=sun.awt.image.OffScreenImageSource.sendPixels()V @ 663
Event: 2.311 Thread 0x0000000002cfd800 Uncommon trap: reason=range_check action=make_not_entrant pc=0x00000000031b87b4 method=java.awt.image.DirectColorModel.setFields()V @ 65
Event: 8.424 Thread 0x0000000002cfd800 Uncommon trap: reason=class_check action=maybe_recompile pc=0x000000000315a0c8 method=java.util.regex.Matcher.search(I)Z @ 86
Event: 8.492 Thread 0x0000000002cfd800 Uncommon trap: reason=unstable_if action=reinterpret pc=0x00000000032a9368 method=java.util.HashMap.getNode(ILjava/lang/Object;)Ljava/util/HashMap$Node; @ 62
Event: 16.795 Thread 0x0000000002cfd800 Uncommon trap: reason=unstable_if action=reinterpret pc=0x00000000031a9ad0 method=java.lang.Math.round(F)I @ 23

Internal exceptions (10 events):
Event: 0.096 Thread 0x0000000002cfd800 Exception <a 'java/security/PrivilegedActionException'> (0x00000000d612ecf0) thrown at [C:\re\workspace\8-2-build-windows-amd64-cygwin\jdk8u60\4407\hotspot\src\share\vm\prims\jvm.cpp, line 1386]
Event: 0.096 Thread 0x0000000002cfd800 Exception <a 'java/security/PrivilegedActionException'> (0x00000000d612ef00) thrown at [C:\re\workspace\8-2-build-windows-amd64-cygwin\jdk8u60\4407\hotspot\src\share\vm\prims\jvm.cpp, line 1386]
Event: 0.097 Thread 0x0000000002cfd800 Exception <a 'java/security/PrivilegedActionException'> (0x00000000d6132d48) thrown at [C:\re\workspace\8-2-build-windows-amd64-cygwin\jdk8u60\4407\hotspot\src\share\vm\prims\jvm.cpp, line 1386]
Event: 0.097 Thread 0x0000000002cfd800 Exception <a 'java/security/PrivilegedActionException'> (0x00000000d6132f58) thrown at [C:\re\workspace\8-2-build-windows-amd64-cygwin\jdk8u60\4407\hotspot\src\share\vm\prims\jvm.cpp, line 1386]
Event: 0.102 Thread 0x0000000002cfd800 Exception <a 'java/io/FileNotFoundException'> (0x00000000d6139df8) thrown at [C:\re\workspace\8-2-build-windows-amd64-cygwin\jdk8u60\4407\hotspot\src\share\vm\prims\jni.cpp, line 709]
Event: 0.132 Thread 0x0000000002cfd800 Exception <a 'java/lang/NoSuchFieldError': method resolution failed> (0x00000000d62077a8) thrown at [C:\re\workspace\8-2-build-windows-amd64-cygwin\jdk8u60\4407\hotspot\src\share\vm\prims\methodHandles.cpp, line 1146]
Event: 0.134 Thread 0x0000000002cfd800 Exception <a 'java/lang/NoSuchFieldError': method resolution failed> (0x00000000d6214b78) thrown at [C:\re\workspace\8-2-build-windows-amd64-cygwin\jdk8u60\4407\hotspot\src\share\vm\prims\methodHandles.cpp, line 1146]
Event: 0.173 Thread 0x0000000002cfd800 Exception <a 'java/io/FileNotFoundException'> (0x00000000d62a9748) thrown at [C:\re\workspace\8-2-build-windows-amd64-cygwin\jdk8u60\4407\hotspot\src\share\vm\prims\jni.cpp, line 709]
Event: 8.410 Thread 0x0000000002cfd800 Exception <a 'java/io/FileNotFoundException'> (0x00000000d65987c0) thrown at [C:\re\workspace\8-2-build-windows-amd64-cygwin\jdk8u60\4407\hotspot\src\share\vm\prims\jni.cpp, line 709]
Event: 8.416 Thread 0x0000000002cfd800 Exception <a 'java/io/FileNotFoundException'> (0x00000000d65c1890) thrown at [C:\re\workspace\8-2-build-windows-amd64-cygwin\jdk8u60\4407\hotspot\src\share\vm\prims\jni.cpp, line 709]

Events (10 events):
Event: 41.085 Executing VM operation: RevokeBias done
Event: 41.085 Executing VM operation: RevokeBias
Event: 41.085 Executing VM operation: RevokeBias done
Event: 41.086 Thread 0x0000000019f62800 Thread exited: 0x0000000019f62800
Event: 41.104 Executing VM operation: ParallelGCFailedAllocation
Event: 41.105 Executing VM operation: ParallelGCFailedAllocation done
Event: 41.182 Thread 0x0000000019f61000 Thread exited: 0x0000000019f61000
Event: 41.182 Executing VM operation: RevokeBias
Event: 41.182 Executing VM operation: RevokeBias done
Event: 41.185 Executing VM operation: Exit


Dynamic libraries:
0x00007ff6b1990000 - 0x00007ff6b19c7000 	C:\Program Files\Java\jdk1.8.0_60\bin\java.exe
0x00007fffcd930000 - 0x00007fffcdb01000 	C:\WINDOWS\SYSTEM32\ntdll.dll
0x00007fffcc6e0000 - 0x00007fffcc78b000 	C:\WINDOWS\System32\KERNEL32.DLL
0x00007fffca710000 - 0x00007fffca92d000 	C:\WINDOWS\System32\KERNELBASE.dll
0x00007fffcd720000 - 0x00007fffcd7c2000 	C:\WINDOWS\System32\ADVAPI32.dll
0x00007fffcaec0000 - 0x00007fffcaf5e000 	C:\WINDOWS\System32\msvcrt.dll
0x00007fffcd830000 - 0x00007fffcd889000 	C:\WINDOWS\System32\sechost.dll
0x00007fffcc800000 - 0x00007fffcc921000 	C:\WINDOWS\System32\RPCRT4.dll
0x00007fffcd4d0000 - 0x00007fffcd635000 	C:\WINDOWS\System32\USER32.dll
0x00007fffcac10000 - 0x00007fffcac2e000 	C:\WINDOWS\System32\win32u.dll
0x00007fffcafc0000 - 0x00007fffcaff4000 	C:\WINDOWS\System32\GDI32.dll
0x00007fffcad30000 - 0x00007fffcaeb2000 	C:\WINDOWS\System32\gdi32full.dll
0x00007fffc47d0000 - 0x00007fffc4a4a000 	C:\WINDOWS\WinSxS\amd64_microsoft.windows.common-controls_6595b64144ccf1df_6.0.14393.351_none_4213128bc687e6d3\COMCTL32.dll
0x00007fffcd1a0000 - 0x00007fffcd467000 	C:\WINDOWS\System32\combase.dll
0x00007fffc9e20000 - 0x00007fffc9f15000 	C:\WINDOWS\System32\ucrtbase.dll
0x00007fffca930000 - 0x00007fffca99a000 	C:\WINDOWS\System32\bcryptPrimitives.dll
0x00007fffcd890000 - 0x00007fffcd8be000 	C:\WINDOWS\System32\IMM32.DLL
0x0000000060040000 - 0x0000000060112000 	C:\Program Files\Java\jdk1.8.0_60\jre\bin\msvcr100.dll
0x0000000060120000 - 0x00000000609a9000 	C:\Program Files\Java\jdk1.8.0_60\jre\bin\server\jvm.dll
0x00007fffcd710000 - 0x00007fffcd718000 	C:\WINDOWS\System32\PSAPI.DLL
0x00007fffc7ed0000 - 0x00007fffc7ef3000 	C:\WINDOWS\SYSTEM32\WINMM.dll
0x00007fffc7f70000 - 0x00007fffc7f79000 	C:\WINDOWS\SYSTEM32\WSOCK32.dll
0x00007fffc5f50000 - 0x00007fffc5f5a000 	C:\WINDOWS\SYSTEM32\VERSION.dll
0x00007fffcd8c0000 - 0x00007fffcd92a000 	C:\WINDOWS\System32\WS2_32.dll
0x00007fffc7d40000 - 0x00007fffc7d6b000 	C:\WINDOWS\SYSTEM32\WINMMBASE.dll
0x00007fffcace0000 - 0x00007fffcad22000 	C:\WINDOWS\System32\cfgmgr32.dll
0x000000005fff0000 - 0x000000005ffff000 	C:\Program Files\Java\jdk1.8.0_60\jre\bin\verify.dll
0x000000005ffc0000 - 0x000000005ffe9000 	C:\Program Files\Java\jdk1.8.0_60\jre\bin\java.dll
0x000000005ffa0000 - 0x000000005ffb6000 	C:\Program Files\Java\jdk1.8.0_60\jre\bin\zip.dll
0x00007fffcb1d0000 - 0x00007fffcc6d9000 	C:\WINDOWS\System32\SHELL32.dll
0x00007fffca030000 - 0x00007fffca70a000 	C:\WINDOWS\System32\windows.storage.dll
0x00007fffc9dd0000 - 0x00007fffc9e1c000 	C:\WINDOWS\System32\powrprof.dll
0x00007fffcd7d0000 - 0x00007fffcd822000 	C:\WINDOWS\System32\shlwapi.dll
0x00007fffc9dc0000 - 0x00007fffc9dcf000 	C:\WINDOWS\System32\kernel.appcore.dll
0x00007fffc9f20000 - 0x00007fffc9fc9000 	C:\WINDOWS\System32\shcore.dll
0x00007fffc9d90000 - 0x00007fffc9da4000 	C:\WINDOWS\System32\profapi.dll
0x000000005fdc0000 - 0x000000005ff58000 	C:\Program Files\Java\jdk1.8.0_60\jre\bin\awt.dll
0x00007fffcb110000 - 0x00007fffcb1cf000 	C:\WINDOWS\System32\OLEAUT32.dll
0x00007fffca9a0000 - 0x00007fffcaa3c000 	C:\WINDOWS\System32\msvcp_win.dll
0x00007fffc8140000 - 0x00007fffc81ba000 	C:\WINDOWS\SYSTEM32\apphelp.dll
0x00007fffc7300000 - 0x00007fffc7326000 	C:\WINDOWS\system32\DWMAPI.DLL
0x00007fffc85a0000 - 0x00007fffc8635000 	C:\WINDOWS\system32\uxtheme.dll
0x00007fffccf00000 - 0x00007fffcd05b000 	C:\WINDOWS\System32\MSCTF.dll
0x00007fffcd060000 - 0x00007fffcd197000 	C:\WINDOWS\System32\ole32.dll
0x00007fff9a6c0000 - 0x00007fff9b095000 	D:\opencv\build\java\x64\opencv_java2413.dll
0x00007fffc0770000 - 0x00007fffc0788000 	C:\WINDOWS\SYSTEM32\AVICAP32.dll
0x00007fffc1c40000 - 0x00007fffc1c69000 	C:\WINDOWS\SYSTEM32\MSVFW32.dll
0x00007fffc2580000 - 0x00007fffc25a0000 	C:\WINDOWS\SYSTEM32\AVIFIL32.dll
0x00007fffae650000 - 0x00007fffae66c000 	C:\WINDOWS\SYSTEM32\MSACM32.dll
0x000000005fd70000 - 0x000000005fdb7000 	C:\Program Files\Java\jdk1.8.0_60\jre\bin\fontmanager.dll
0x000000005ff80000 - 0x000000005ff9a000 	C:\Program Files\Java\jdk1.8.0_60\jre\bin\net.dll
0x00007fffc9560000 - 0x00007fffc95bc000 	C:\WINDOWS\system32\mswsock.dll
0x000000005ff60000 - 0x000000005ff71000 	C:\Program Files\Java\jdk1.8.0_60\jre\bin\nio.dll
0x000000005fd20000 - 0x000000005fd62000 	C:\Program Files\Java\jdk1.8.0_60\jre\bin\t2k.dll
0x00007fffcd670000 - 0x00007fffcd70f000 	C:\WINDOWS\System32\clbcatq.dll
0x00007fffc0750000 - 0x00007fffc0768000 	C:\Windows\System32\devenum.dll
0x00007fffcc930000 - 0x00007fffccd59000 	C:\WINDOWS\System32\setupapi.dll
0x00007fffc9140000 - 0x00007fffc9172000 	C:\WINDOWS\SYSTEM32\ntmarta.dll
0x00007fffc89a0000 - 0x00007fffc89c8000 	C:\WINDOWS\SYSTEM32\DEVOBJ.dll
0x00007fffc9fd0000 - 0x00007fffca025000 	C:\WINDOWS\System32\WINTRUST.dll
0x00007fffc9db0000 - 0x00007fffc9dc0000 	C:\WINDOWS\System32\MSASN1.dll
0x00007fffcaa40000 - 0x00007fffcac09000 	C:\WINDOWS\System32\CRYPT32.dll
0x00007fffc5b20000 - 0x00007fffc5b2a000 	C:\WINDOWS\SYSTEM32\msdmo.dll
0x00007fffc0260000 - 0x00007fffc0293000 	C:\Windows\System32\qcap.dll
0x00007fffa2190000 - 0x00007fffa2353000 	C:\Windows\System32\quartz.dll
0x00007fffc9cd0000 - 0x00007fffc9cfb000 	C:\Windows\System32\bcrypt.dll
0x00007fffbfb10000 - 0x00007fffbfb58000 	C:\Windows\System32\mfksproxy.dll
0x00007fffc6520000 - 0x00007fffc653c000 	C:\Windows\System32\ATL.DLL
0x00007fffc2400000 - 0x00007fffc244e000 	C:\Windows\System32\MFSENSORGROUP.dll
0x00007fffbe350000 - 0x00007fffbe4b8000 	C:\Windows\System32\MFPlat.DLL
0x00007fffc26d0000 - 0x00007fffc26fe000 	C:\Windows\System32\RTWorkQ.DLL
0x00007fffbfac0000 - 0x00007fffbfb0b000 	C:\Windows\System32\ksproxy.ax
0x00007fffc0f00000 - 0x00007fffc0f09000 	C:\Windows\System32\ksuser.dll
0x00007fffa35c0000 - 0x00007fffa374d000 	C:\Windows\System32\d3d9.dll
0x00007fffc1ba0000 - 0x00007fffc1be3000 	C:\WINDOWS\SYSTEM32\policymanager.dll
0x00007fffc8740000 - 0x00007fffc87d1000 	C:\Windows\System32\msvcp110_win.dll
0x00007fffc6c50000 - 0x00007fffc6c5d000 	C:\Windows\System32\vidcap.ax
0x00007fffc05a0000 - 0x00007fffc05c5000 	C:\Windows\System32\kswdmcap.ax
0x00007fffa2020000 - 0x00007fffa2183000 	C:\Windows\System32\MFC42.dll
0x00007fffb7580000 - 0x00007fffb762f000 	C:\Windows\System32\ODBC32.dll
0x00007fffc91b0000 - 0x00007fffc91ba000 	C:\Windows\System32\DPAPI.dll
0x00007fffab470000 - 0x00007fffab513000 	C:\Windows\System32\qedit.dll
0x00007fffcb010000 - 0x00007fffcb10a000 	C:\WINDOWS\System32\COMDLG32.dll
0x00007fffc6000000 - 0x00007fffc619a000 	C:\WINDOWS\WinSxS\amd64_microsoft.windows.gdiplus_6595b64144ccf1df_1.1.14393.321_none_72fe05dd211a5fae\gdiplus.dll
0x00007fffb4df0000 - 0x00007fffb4ee7000 	C:\Windows\System32\DDRAW.dll
0x00007fffc26c0000 - 0x00007fffc26c8000 	C:\Windows\System32\DCIMAN32.dll
0x00007fff99b40000 - 0x00007fff99f2b000 	C:\Windows\System32\MFCORE.dll
0x00007fffc9820000 - 0x00007fffc982b000 	C:\Windows\System32\CRYPTBASE.DLL
0x00007fffa6660000 - 0x00007fffa66b3000 	C:\Windows\System32\FSClient.dll
0x00007fffc4cd0000 - 0x00007fffc4cdb000 	C:\Windows\System32\AVRT.dll
0x00007fffaa3b0000 - 0x00007fffaa484000 	C:\Windows\System32\MFReadWrite.dll
0x00007fffc3540000 - 0x00007fffc354c000 	C:\WINDOWS\SYSTEM32\msyuv.dll
0x00007fffc9800000 - 0x00007fffc9817000 	C:\WINDOWS\SYSTEM32\CRYPTSP.dll
0x00007fffc96e0000 - 0x00007fffc9713000 	C:\WINDOWS\system32\rsaenh.dll
0x00007fffc93e0000 - 0x00007fffc93ff000 	C:\WINDOWS\SYSTEM32\USERENV.dll
0x00007fffc92f0000 - 0x00007fffc9328000 	C:\WINDOWS\SYSTEM32\IPHLPAPI.DLL
0x00007fffcd660000 - 0x00007fffcd668000 	C:\WINDOWS\System32\NSI.dll
0x00007fffc2b50000 - 0x00007fffc2b66000 	C:\WINDOWS\SYSTEM32\dhcpcsvc6.DLL
0x00007fffc3700000 - 0x00007fffc371a000 	C:\WINDOWS\SYSTEM32\dhcpcsvc.DLL
0x000000005fce0000 - 0x000000005fd11000 	C:\Program Files\Java\jdk1.8.0_60\jre\bin\jpeg.dll
0x0000000180000000 - 0x0000000180038000 	C:\Users\bruno\AppData\Local\Temp\jna-94017190\jna6927350411637356057.dll
0x00007fff98460000 - 0x00007fff98945000 	\\?\C:\Users\bruno\AppData\Local\Temp\tess4j\WIN32-~1\LIBTES~1.DLL
0x00007fffaa490000 - 0x00007fffaa536000 	C:\Program Files\Java\jdk1.8.0_60\jre\bin\MSVCP120.dll
0x00007fffa3d40000 - 0x00007fffa3e2f000 	C:\Program Files\Java\jdk1.8.0_60\jre\bin\MSVCR120.dll
0x00007fff9ea10000 - 0x00007fff9ec7f000 	\\?\C:\Users\bruno\AppData\Local\Temp\tess4j\WIN32-~1\liblept173.dll
0x00007fffc5090000 - 0x00007fffc5222000 	C:\WINDOWS\SYSTEM32\dbghelp.dll

VM Arguments:
jvm_args: -Dfile.encoding=UTF-8 
java_command: abc.TestWebCam
java_class_path (initial): C:\Users\bruno\Desktop\Studium\03_Semester3\03_PRENN_Projekt\PREN_Team30_OCR_ROMAN\JavaApplication3\lib\opencv-2413.jar;C:\Users\bruno\Desktop\Studium\03_Semester3\03_PRENN_Projekt\PREN_Team30_OCR_ROMAN\JavaApplication3\lib\tess4j-3.2.1.jar;C:\Users\bruno\Desktop\Studium\03_Semester3\03_PRENN_Projekt\PREN_Team30_OCR_ROMAN\JavaApplication3\lib\commons-io-2.5.jar;C:\Users\bruno\Desktop\Studium\03_Semester3\03_PRENN_Projekt\PREN_Team30_OCR_ROMAN\JavaApplication3\lib\jai-imageio-core-1.3.1.jar;C:\Users\bruno\Desktop\Studium\03_Semester3\03_PRENN_Projekt\PREN_Team30_OCR_ROMAN\JavaApplication3\lib\jna-4.1.0.jar;C:\Users\bruno\Desktop\Studium\03_Semester3\03_PRENN_Projekt\PREN_Team30_OCR_ROMAN\JavaApplication3\lib\lept4j-1.2.3.jar;C:\Users\bruno\Desktop\Studium\03_Semester3\03_PRENN_Projekt\PREN_Team30_OCR_ROMAN\JavaApplication3\lib\jul-to-slf4j-1.7.21.jar;C:\Users\bruno\Desktop\Studium\03_Semester3\03_PRENN_Projekt\PREN_Team30_OCR_ROMAN\JavaApplication3\lib\slf4j-api-1.7.21.jar;C:\Users\bruno\Desktop\Studium\03_Semester3\03_PRENN_Projekt\PREN_Team30_OCR_ROMAN\JavaApplication3\lib\log4j-over-slf4j-1.7.21.jar;C:\Users\bruno\Desktop\Studium\03_Semester3\03_PRENN_Projekt\PREN_Team30_OCR_ROMAN\JavaApplication3\lib\slf4j-api-1.6.1.jar;C:\Users\bruno\Desktop\Studium\03_Semester3\03_PRENN_Projekt\PREN_Team30_OCR_ROMAN\JavaApplication3\lib\slf4j-simple-1.6.1.jar;C:\Users\bruno\Desktop\Studium\03_Semester3\03_PRENN_Projekt\PREN_Team30_OCR_ROMAN\JavaApplication3\build\classes
Launcher Type: SUN_STANDARD

Environment Variables:
PATH=C:\ProgramData\Oracle\Java\javapath;C:\Program Files (x86)\NVIDIA Corporation\PhysX\Common;C:\Program Files (x86)\Intel\iCLS Client\;C:\Program Files\Intel\iCLS Client\;C:\WINDOWS\system32;C:\WINDOWS;C:\WINDOWS\System32\Wbem;C:\WINDOWS\System32\WindowsPowerShell\v1.0\;C:\Program Files\Intel\Intel(R) Management Engine Components\DAL;C:\Program Files\Intel\Intel(R) Management Engine Components\IPT;C:\Program Files (x86)\Intel\Intel(R) Management Engine Components\DAL;C:\Program Files (x86)\Intel\Intel(R) Management Engine Components\IPT;C:\Program Files (x86)\Skype\Phone\;C:\Program Files (x86)\Windows Live\Shared;C:\Program Files\Microsoft SQL Server\120\Tools\Binn\;D:\opencv\build\java\x64;C:\Users\bruno\AppData\Local\Microsoft\WindowsApps;C:\Program Files (x86)\Nmap
USERNAME=bruno
OS=Windows_NT
PROCESSOR_IDENTIFIER=Intel64 Family 6 Model 69 Stepping 1, GenuineIntel



---------------  S Y S T E M  ---------------

OS: Windows 10.0 , 64 bit Build 14393 (10.0.14393.0)

CPU:total 4 (2 cores per cpu, 2 threads per core) family 6 model 69 stepping 1, cmov, cx8, fxsr, mmx, sse, sse2, sse3, ssse3, sse4.1, sse4.2, popcnt, avx, avx2, aes, clmul, erms, lzcnt, ht, tsc, tscinvbit, bmi1, bmi2

Memory: 4k page, physical 8269064k(4159408k free), swap 9579784k(3622256k free)

vm_info: Java HotSpot(TM) 64-Bit Server VM (25.60-b23) for windows-amd64 JRE (1.8.0_60-b27), built on Aug  4 2015 11:06:27 by "java_re" with MS VC++ 10.0 (VS2010)

time: Thu Nov 03 11:10:19 2016
elapsed time: 41 seconds (0d 0h 0m 41s)

