#
# A fatal error has been detected by the Java Runtime Environment:
#
#  Internal Error (0xc000000d), pid=3580, tid=5936
#
# JRE version: Java(TM) SE Runtime Environment (8.0_60-b27) (build 1.8.0_60-b27)
# Java VM: Java HotSpot(TM) 64-Bit Server VM (25.60-b23 mixed mode windows-amd64 compressed oops)
# Problematic frame:
# C  [ntdll.dll+0xfe5ec]
#
# Failed to write core dump. Minidumps are not enabled by default on client versions of Windows
#
# If you would like to submit a bug report, please visit:
#   http://bugreport.java.com/bugreport/crash.jsp
#

---------------  T H R E A D  ---------------

Current thread (0x00000000177a7800):  VMThread [stack: 0x0000000018830000,0x0000000018930000] [id=5936]

siginfo: ExceptionCode=0xc000000d

Registers:
RAX=0x0000000000000000, RBX=0x0000000000e48d60, RCX=0x0000000000000000, RDX=0x0000000000000000
RSP=0x000000001892f030, RBP=0x0000000000000000, RSI=0x000000001afb17e0, RDI=0x000000001afca4c0
R8 =0x0000000000000000, R9 =0x0000000000000000, R10=0x0000000000000000, R11=0x0000000000000000
R12=0x0000000000000000, R13=0x00000000ffffffff, R14=0x000000001afab720, R15=0x000000001afb17e0
RIP=0x00007fffcda2e5ec, EFLAGS=0x0000000000000206

Top of Stack: (sp=0x000000001892f030)
0x000000001892f030:   0000000000000057 0000000000e48d60
0x000000001892f040:   000000001afb17e0 000000001afca4c0
0x000000001892f050:   00000000c000000d 0000000000000000
0x000000001892f060:   00007fffcda2e5ec 0000000000000000
0x000000001892f070:   0000000000000000 0000000000000000
0x000000001892f080:   0000000000000000 0000000000000000
0x000000001892f090:   0000000000000000 0000000000000000
0x000000001892f0a0:   0000000000000000 0000000000000000
0x000000001892f0b0:   0000000000000000 0000000000000000
0x000000001892f0c0:   0000000000000000 0000000000000000
0x000000001892f0d0:   0000000000000000 0000000000000000
0x000000001892f0e0:   0000000000000000 000000001892f314
0x000000001892f0f0:   0000ffa50290068b 0000000000000000
0x000000001892f100:   0000000100000007 00007fffcd9f0a3b
0x000000001892f110:   000000007f672f4b 00007fffaa3ce8db
0x000000001892f120:   0000000000000007 0000000000000000 

Instructions: (pc=0x00007fffcda2e5ec)
0x00007fffcda2e5cc:   d1 fa ff c7 44 24 20 0d 00 00 c0 b9 57 00 00 00
0x00007fffcda2e5dc:   e8 9f 0f f6 ff 90 48 8d 4c 24 20 e8 24 bb f4 ff
0x00007fffcda2e5ec:   eb 00 48 8b 8c 24 c0 00 00 00 48 33 cc e8 62 70
0x00007fffcda2e5fc:   f9 ff 48 81 c4 d8 00 00 00 c3 40 55 48 83 ec 20 


Register to memory mapping:

RAX=0x0000000000000000 is an unknown value
RBX=0x0000000000e48d60 is an unknown value
RCX=0x0000000000000000 is an unknown value
RDX=0x0000000000000000 is an unknown value
RSP=0x000000001892f030 is an unknown value
RBP=0x0000000000000000 is an unknown value
RSI=0x000000001afb17e0 is an unknown value
RDI=0x000000001afca4c0 is an unknown value
R8 =0x0000000000000000 is an unknown value
R9 =0x0000000000000000 is an unknown value
R10=0x0000000000000000 is an unknown value
R11=0x0000000000000000 is an unknown value
R12=0x0000000000000000 is an unknown value
R13=0x00000000ffffffff is an unallocated location in the heap
R14=0x000000001afab720 is an unknown value
R15=0x000000001afb17e0 is an unknown value


Stack: [0x0000000018830000,0x0000000018930000],  sp=0x000000001892f030,  free space=1020k
Native frames: (J=compiled Java code, j=interpreted, Vv=VM code, C=native code)

VM_Operation (0x000000001ab3cd40): Exit, mode: safepoint, requested by thread 0x00000000198aa000


---------------  P R O C E S S  ---------------

Java Threads: ( => current thread )
  0x00000000198aa000 JavaThread "AWT-EventQueue-0" [_thread_blocked, id=5116, stack(0x000000001aa40000,0x000000001ab40000)]
  0x0000000019507000 JavaThread "AWT-Shutdown" [_thread_blocked, id=6800, stack(0x000000001a1d0000,0x000000001a2d0000)]
  0x0000000019506000 JavaThread "Java2D Disposer" daemon [_thread_blocked, id=12744, stack(0x000000001a050000,0x000000001a150000)]
  0x000000001783e800 JavaThread "Service Thread" daemon [_thread_blocked, id=5712, stack(0x0000000019520000,0x0000000019620000)]
  0x0000000017806000 JavaThread "C1 CompilerThread2" daemon [_thread_blocked, id=12640, stack(0x0000000019020000,0x0000000019120000)]
  0x00000000177e1800 JavaThread "C2 CompilerThread1" daemon [_thread_blocked, id=2768, stack(0x0000000018f20000,0x0000000019020000)]
  0x00000000177df000 JavaThread "C2 CompilerThread0" daemon [_thread_blocked, id=3624, stack(0x0000000018e20000,0x0000000018f20000)]
  0x00000000177da000 JavaThread "Attach Listener" daemon [_thread_blocked, id=5372, stack(0x0000000018d20000,0x0000000018e20000)]
  0x00000000177d9800 JavaThread "Signal Dispatcher" daemon [_thread_blocked, id=12648, stack(0x0000000018c20000,0x0000000018d20000)]
  0x0000000002ca7000 JavaThread "Finalizer" daemon [_thread_blocked, id=9380, stack(0x0000000018a30000,0x0000000018b30000)]
  0x0000000002c9e000 JavaThread "Reference Handler" daemon [_thread_blocked, id=3484, stack(0x0000000018930000,0x0000000018a30000)]
  0x0000000002aed800 JavaThread "main" [_thread_blocked, id=9076, stack(0x00000000029d0000,0x0000000002ad0000)]

Other Threads:
=>0x00000000177a7800 VMThread [stack: 0x0000000018830000,0x0000000018930000] [id=5936]

VM state:at safepoint (shutting down)

VM Mutex/Monitor currently owned by a thread:  ([mutex/lock_event])
[0x0000000002aecdc0] Threads_lock - owner thread: 0x00000000177a7800

Heap:
 PSYoungGen      total 38400K, used 7323K [0x00000000d5f00000, 0x00000000d8980000, 0x0000000100000000)
  eden space 33280K, 22% used [0x00000000d5f00000,0x00000000d6626d58,0x00000000d7f80000)
  from space 5120K, 0% used [0x00000000d8480000,0x00000000d8480000,0x00000000d8980000)
  to   space 5120K, 0% used [0x00000000d7f80000,0x00000000d7f80000,0x00000000d8480000)
 ParOldGen       total 87552K, used 0K [0x0000000081c00000, 0x0000000087180000, 0x00000000d5f00000)
  object space 87552K, 0% used [0x0000000081c00000,0x0000000081c00000,0x0000000087180000)
 Metaspace       used 8840K, capacity 9060K, committed 9088K, reserved 1056768K
  class space    used 1049K, capacity 1124K, committed 1152K, reserved 1048576K

Card table byte_map: [0x0000000012070000,0x0000000012470000] byte_map_base: 0x0000000011c62000

Marking Bits: (ParMarkBitMap*) 0x000000006092a5b0
 Begin Bits: [0x0000000012b20000, 0x0000000014ab0000)
 End Bits:   [0x0000000014ab0000, 0x0000000016a40000)

Polling page: 0x0000000000dd0000

CodeCache: size=245760Kb used=1775Kb max_used=1779Kb free=243984Kb
 bounds [0x0000000002cb0000, 0x0000000002f20000, 0x0000000011cb0000]
 total_blobs=804 nmethods=345 adapters=372
 compilation: enabled

Compilation events (10 events):
Event: 0.295 Thread 0x00000000177df000  341       4       sun.java2d.loops.GraphicsPrimitiveMgr$2::compare (39 bytes)
Event: 0.296 Thread 0x00000000177df000 nmethod 341 0x0000000002e6d490 code [0x0000000002e6d5e0, 0x0000000002e6d6b8]
Event: 0.302 Thread 0x0000000017806000  342       1       java.beans.PropertyChangeEvent::getPropertyName (5 bytes)
Event: 0.302 Thread 0x0000000017806000 nmethod 342 0x0000000002e6c4d0 code [0x0000000002e6c620, 0x0000000002e6c730]
Event: 0.304 Thread 0x0000000017806000  343       3       sun.util.locale.LocaleUtils::isUpper (18 bytes)
Event: 0.304 Thread 0x0000000017806000 nmethod 343 0x0000000002e6bcd0 code [0x0000000002e6be20, 0x0000000002e6bff0]
Event: 0.306 Thread 0x0000000017806000  344       1       java.awt.Component::getPeer (5 bytes)
Event: 0.306 Thread 0x0000000017806000 nmethod 344 0x0000000002e6ba10 code [0x0000000002e6bb60, 0x0000000002e6bc70]
Event: 0.309 Thread 0x0000000017806000  345       1       java.awt.AWTEvent::getID (5 bytes)
Event: 0.309 Thread 0x0000000017806000 nmethod 345 0x0000000002e6b750 code [0x0000000002e6b8a0, 0x0000000002e6b9b0]

GC Heap History (0 events):
No events

Deoptimization events (0 events):
No events

Internal exceptions (10 events):
Event: 0.079 Thread 0x0000000002aed800 Exception <a 'java/security/PrivilegedActionException'> (0x00000000d60fb3d8) thrown at [C:\re\workspace\8-2-build-windows-amd64-cygwin\jdk8u60\4407\hotspot\src\share\vm\prims\jvm.cpp, line 1386]
Event: 0.079 Thread 0x0000000002aed800 Exception <a 'java/security/PrivilegedActionException'> (0x00000000d60fb5e8) thrown at [C:\re\workspace\8-2-build-windows-amd64-cygwin\jdk8u60\4407\hotspot\src\share\vm\prims\jvm.cpp, line 1386]
Event: 0.094 Thread 0x0000000002aed800 Exception <a 'java/security/PrivilegedActionException'> (0x00000000d612ecf0) thrown at [C:\re\workspace\8-2-build-windows-amd64-cygwin\jdk8u60\4407\hotspot\src\share\vm\prims\jvm.cpp, line 1386]
Event: 0.094 Thread 0x0000000002aed800 Exception <a 'java/security/PrivilegedActionException'> (0x00000000d612ef00) thrown at [C:\re\workspace\8-2-build-windows-amd64-cygwin\jdk8u60\4407\hotspot\src\share\vm\prims\jvm.cpp, line 1386]
Event: 0.094 Thread 0x0000000002aed800 Exception <a 'java/security/PrivilegedActionException'> (0x00000000d6132d48) thrown at [C:\re\workspace\8-2-build-windows-amd64-cygwin\jdk8u60\4407\hotspot\src\share\vm\prims\jvm.cpp, line 1386]
Event: 0.094 Thread 0x0000000002aed800 Exception <a 'java/security/PrivilegedActionException'> (0x00000000d6132f58) thrown at [C:\re\workspace\8-2-build-windows-amd64-cygwin\jdk8u60\4407\hotspot\src\share\vm\prims\jvm.cpp, line 1386]
Event: 0.099 Thread 0x0000000002aed800 Exception <a 'java/io/FileNotFoundException'> (0x00000000d6139df8) thrown at [C:\re\workspace\8-2-build-windows-amd64-cygwin\jdk8u60\4407\hotspot\src\share\vm\prims\jni.cpp, line 709]
Event: 0.133 Thread 0x0000000002aed800 Exception <a 'java/lang/NoSuchFieldError': method resolution failed> (0x00000000d62077a8) thrown at [C:\re\workspace\8-2-build-windows-amd64-cygwin\jdk8u60\4407\hotspot\src\share\vm\prims\methodHandles.cpp, line 1146]
Event: 0.135 Thread 0x0000000002aed800 Exception <a 'java/lang/NoSuchFieldError': method resolution failed> (0x00000000d6214b78) thrown at [C:\re\workspace\8-2-build-windows-amd64-cygwin\jdk8u60\4407\hotspot\src\share\vm\prims\methodHandles.cpp, line 1146]
Event: 0.173 Thread 0x0000000002aed800 Exception <a 'java/io/FileNotFoundException'> (0x00000000d62a9748) thrown at [C:\re\workspace\8-2-build-windows-amd64-cygwin\jdk8u60\4407\hotspot\src\share\vm\prims\jni.cpp, line 709]

Events (10 events):
Event: 0.307 loading class java/applet/Applet
Event: 0.307 loading class java/awt/Panel
Event: 0.307 loading class java/awt/Panel done
Event: 0.307 loading class java/applet/Applet done
Event: 3.932 Thread 0x0000000019941800 Thread added: 0x0000000019941800
Event: 3.932 Thread 0x0000000019942800 Thread added: 0x0000000019942800
Event: 3.932 Thread 0x0000000019942800 Thread exited: 0x0000000019942800
Event: 3.936 Thread 0x000000001950a800 Thread exited: 0x000000001950a800
Event: 4.032 Thread 0x0000000019941800 Thread exited: 0x0000000019941800
Event: 4.032 Executing VM operation: Exit


Dynamic libraries:
0x00007ff6b1990000 - 0x00007ff6b19c7000 	C:\Program Files\Java\jdk1.8.0_60\bin\java.exe
0x00007fffcd930000 - 0x00007fffcdb01000 	C:\WINDOWS\SYSTEM32\ntdll.dll
0x00007fffcc6e0000 - 0x00007fffcc78b000 	C:\WINDOWS\System32\KERNEL32.DLL
0x00007fffca710000 - 0x00007fffca92d000 	C:\WINDOWS\System32\KERNELBASE.dll
0x00007fffcd720000 - 0x00007fffcd7c2000 	C:\WINDOWS\System32\ADVAPI32.dll
0x00007fffcaec0000 - 0x00007fffcaf5e000 	C:\WINDOWS\System32\msvcrt.dll
0x00007fffcd830000 - 0x00007fffcd889000 	C:\WINDOWS\System32\sechost.dll
0x00007fffcc800000 - 0x00007fffcc921000 	C:\WINDOWS\System32\RPCRT4.dll
0x00007fffcd4d0000 - 0x00007fffcd635000 	C:\WINDOWS\System32\USER32.dll
0x00007fffcac10000 - 0x00007fffcac2e000 	C:\WINDOWS\System32\win32u.dll
0x00007fffcafc0000 - 0x00007fffcaff4000 	C:\WINDOWS\System32\GDI32.dll
0x00007fffcad30000 - 0x00007fffcaeb2000 	C:\WINDOWS\System32\gdi32full.dll
0x00007fffc47d0000 - 0x00007fffc4a4a000 	C:\WINDOWS\WinSxS\amd64_microsoft.windows.common-controls_6595b64144ccf1df_6.0.14393.351_none_4213128bc687e6d3\COMCTL32.dll
0x00007fffcd1a0000 - 0x00007fffcd467000 	C:\WINDOWS\System32\combase.dll
0x00007fffc9e20000 - 0x00007fffc9f15000 	C:\WINDOWS\System32\ucrtbase.dll
0x00007fffca930000 - 0x00007fffca99a000 	C:\WINDOWS\System32\bcryptPrimitives.dll
0x00007fffcd890000 - 0x00007fffcd8be000 	C:\WINDOWS\System32\IMM32.DLL
0x0000000060040000 - 0x0000000060112000 	C:\Program Files\Java\jdk1.8.0_60\jre\bin\msvcr100.dll
0x0000000060120000 - 0x00000000609a9000 	C:\Program Files\Java\jdk1.8.0_60\jre\bin\server\jvm.dll
0x00007fffcd710000 - 0x00007fffcd718000 	C:\WINDOWS\System32\PSAPI.DLL
0x00007fffc7f70000 - 0x00007fffc7f79000 	C:\WINDOWS\SYSTEM32\WSOCK32.dll
0x00007fffc7ed0000 - 0x00007fffc7ef3000 	C:\WINDOWS\SYSTEM32\WINMM.dll
0x00007fffcd8c0000 - 0x00007fffcd92a000 	C:\WINDOWS\System32\WS2_32.dll
0x00007fffc5f50000 - 0x00007fffc5f5a000 	C:\WINDOWS\SYSTEM32\VERSION.dll
0x0000000001220000 - 0x000000000124b000 	C:\WINDOWS\SYSTEM32\WINMMBASE.dll
0x00007fffcace0000 - 0x00007fffcad22000 	C:\WINDOWS\System32\cfgmgr32.dll
0x000000005fff0000 - 0x000000005ffff000 	C:\Program Files\Java\jdk1.8.0_60\jre\bin\verify.dll
0x000000005ffc0000 - 0x000000005ffe9000 	C:\Program Files\Java\jdk1.8.0_60\jre\bin\java.dll
0x000000005ffa0000 - 0x000000005ffb6000 	C:\Program Files\Java\jdk1.8.0_60\jre\bin\zip.dll
0x00007fffcb1d0000 - 0x00007fffcc6d9000 	C:\WINDOWS\System32\SHELL32.dll
0x00007fffca030000 - 0x00007fffca70a000 	C:\WINDOWS\System32\windows.storage.dll
0x00007fffc9dd0000 - 0x00007fffc9e1c000 	C:\WINDOWS\System32\powrprof.dll
0x00007fffcd7d0000 - 0x00007fffcd822000 	C:\WINDOWS\System32\shlwapi.dll
0x00007fffc9dc0000 - 0x00007fffc9dcf000 	C:\WINDOWS\System32\kernel.appcore.dll
0x00007fffc9f20000 - 0x00007fffc9fc9000 	C:\WINDOWS\System32\shcore.dll
0x00007fffc9d90000 - 0x00007fffc9da4000 	C:\WINDOWS\System32\profapi.dll
0x000000005fdc0000 - 0x000000005ff58000 	C:\Program Files\Java\jdk1.8.0_60\jre\bin\awt.dll
0x00007fffcb110000 - 0x00007fffcb1cf000 	C:\WINDOWS\System32\OLEAUT32.dll
0x00007fffca9a0000 - 0x00007fffcaa3c000 	C:\WINDOWS\System32\msvcp_win.dll
0x00007fffc8140000 - 0x00007fffc81ba000 	C:\WINDOWS\SYSTEM32\apphelp.dll
0x00007fffc7300000 - 0x00007fffc7326000 	C:\WINDOWS\system32\DWMAPI.DLL
0x00007fffc85a0000 - 0x00007fffc8635000 	C:\WINDOWS\system32\uxtheme.dll
0x00007fffccf00000 - 0x00007fffcd05b000 	C:\WINDOWS\System32\MSCTF.dll
0x00007fffcd060000 - 0x00007fffcd197000 	C:\WINDOWS\System32\ole32.dll
0x00007fff9a6c0000 - 0x00007fff9b095000 	D:\opencv\build\java\x64\opencv_java2413.dll
0x00007fffc0770000 - 0x00007fffc0788000 	C:\WINDOWS\SYSTEM32\AVICAP32.dll
0x00007fffc1c40000 - 0x00007fffc1c69000 	C:\WINDOWS\SYSTEM32\MSVFW32.dll
0x00007fffc2580000 - 0x00007fffc25a0000 	C:\WINDOWS\SYSTEM32\AVIFIL32.dll
0x00007fffae650000 - 0x00007fffae66c000 	C:\WINDOWS\SYSTEM32\MSACM32.dll
0x000000005fd70000 - 0x000000005fdb7000 	C:\Program Files\Java\jdk1.8.0_60\jre\bin\fontmanager.dll
0x000000005ff80000 - 0x000000005ff9a000 	C:\Program Files\Java\jdk1.8.0_60\jre\bin\net.dll
0x00007fffc9560000 - 0x00007fffc95bc000 	C:\WINDOWS\system32\mswsock.dll
0x000000005ff60000 - 0x000000005ff71000 	C:\Program Files\Java\jdk1.8.0_60\jre\bin\nio.dll
0x000000005fd20000 - 0x000000005fd62000 	C:\Program Files\Java\jdk1.8.0_60\jre\bin\t2k.dll
0x00007fffcd670000 - 0x00007fffcd70f000 	C:\WINDOWS\System32\clbcatq.dll
0x00007fffc0750000 - 0x00007fffc0768000 	C:\Windows\System32\devenum.dll
0x00007fffcc930000 - 0x00007fffccd59000 	C:\WINDOWS\System32\setupapi.dll
0x00007fffc9140000 - 0x00007fffc9172000 	C:\WINDOWS\SYSTEM32\ntmarta.dll
0x00007fffc89a0000 - 0x00007fffc89c8000 	C:\WINDOWS\SYSTEM32\DEVOBJ.dll
0x00007fffc9fd0000 - 0x00007fffca025000 	C:\WINDOWS\System32\WINTRUST.dll
0x00007fffc9db0000 - 0x00007fffc9dc0000 	C:\WINDOWS\System32\MSASN1.dll
0x00007fffcaa40000 - 0x00007fffcac09000 	C:\WINDOWS\System32\CRYPT32.dll
0x00007fffc5b20000 - 0x00007fffc5b2a000 	C:\WINDOWS\SYSTEM32\msdmo.dll
0x00007fffc0260000 - 0x00007fffc0293000 	C:\Windows\System32\qcap.dll
0x00007fffa2190000 - 0x00007fffa2353000 	C:\Windows\System32\quartz.dll
0x00007fffc9cd0000 - 0x00007fffc9cfb000 	C:\Windows\System32\bcrypt.dll
0x00007fffbfb10000 - 0x00007fffbfb58000 	C:\Windows\System32\mfksproxy.dll
0x00007fffc2400000 - 0x00007fffc244e000 	C:\Windows\System32\MFSENSORGROUP.dll
0x00007fffc6520000 - 0x00007fffc653c000 	C:\Windows\System32\ATL.DLL
0x00007fffbe350000 - 0x00007fffbe4b8000 	C:\Windows\System32\MFPlat.DLL
0x00007fffc26d0000 - 0x00007fffc26fe000 	C:\Windows\System32\RTWorkQ.DLL
0x00007fffbfac0000 - 0x00007fffbfb0b000 	C:\Windows\System32\ksproxy.ax
0x00007fffc0f00000 - 0x00007fffc0f09000 	C:\Windows\System32\ksuser.dll
0x00007fffa35c0000 - 0x00007fffa374d000 	C:\Windows\System32\d3d9.dll
0x00007fffc1ba0000 - 0x00007fffc1be3000 	C:\WINDOWS\SYSTEM32\policymanager.dll
0x00007fffc8740000 - 0x00007fffc87d1000 	C:\Windows\System32\msvcp110_win.dll
0x00007fffc6c50000 - 0x00007fffc6c5d000 	C:\Windows\System32\vidcap.ax
0x00007fffc05a0000 - 0x00007fffc05c5000 	C:\Windows\System32\kswdmcap.ax
0x00007fffa2020000 - 0x00007fffa2183000 	C:\Windows\System32\MFC42.dll
0x00007fffb7580000 - 0x00007fffb762f000 	C:\Windows\System32\ODBC32.dll
0x00007fffc91b0000 - 0x00007fffc91ba000 	C:\Windows\System32\DPAPI.dll
0x00007fffab470000 - 0x00007fffab513000 	C:\Windows\System32\qedit.dll
0x00007fffcb010000 - 0x00007fffcb10a000 	C:\WINDOWS\System32\COMDLG32.dll
0x00007fffc6000000 - 0x00007fffc619a000 	C:\WINDOWS\WinSxS\amd64_microsoft.windows.gdiplus_6595b64144ccf1df_1.1.14393.321_none_72fe05dd211a5fae\gdiplus.dll
0x00007fffb4df0000 - 0x00007fffb4ee7000 	C:\Windows\System32\DDRAW.dll
0x00007fffc26c0000 - 0x00007fffc26c8000 	C:\Windows\System32\DCIMAN32.dll
0x00007fff99b40000 - 0x00007fff99f2b000 	C:\Windows\System32\MFCORE.dll
0x00007fffc9820000 - 0x00007fffc982b000 	C:\Windows\System32\CRYPTBASE.DLL
0x00007fffad4e0000 - 0x00007fffad533000 	C:\Windows\System32\FSClient.dll
0x00007fffc4cd0000 - 0x00007fffc4cdb000 	C:\Windows\System32\AVRT.dll
0x00007fffaa3b0000 - 0x00007fffaa484000 	C:\Windows\System32\MFReadWrite.dll
0x00007fffbfb60000 - 0x00007fffbfb6c000 	C:\WINDOWS\SYSTEM32\msyuv.dll
0x00007fffc5090000 - 0x00007fffc5222000 	C:\WINDOWS\SYSTEM32\dbghelp.dll

VM Arguments:
jvm_args: -Dfile.encoding=UTF-8 
java_command: abc.TestWebCam
java_class_path (initial): C:\Users\bruno\Desktop\Studium\03_Semester3\03_PRENN_Projekt\PREN_Team30_OCR_ROMAN\JavaApplication3\lib\opencv-2413.jar;C:\Users\bruno\Desktop\Studium\03_Semester3\03_PRENN_Projekt\PREN_Team30_OCR_ROMAN\JavaApplication3\lib\tess4j-3.2.1.jar;C:\Users\bruno\Desktop\Studium\03_Semester3\03_PRENN_Projekt\PREN_Team30_OCR_ROMAN\JavaApplication3\lib\commons-io-2.5.jar;C:\Users\bruno\Desktop\Studium\03_Semester3\03_PRENN_Projekt\PREN_Team30_OCR_ROMAN\JavaApplication3\lib\jai-imageio-core-1.3.1.jar;C:\Users\bruno\Desktop\Studium\03_Semester3\03_PRENN_Projekt\PREN_Team30_OCR_ROMAN\JavaApplication3\lib\jna-4.1.0.jar;C:\Users\bruno\Desktop\Studium\03_Semester3\03_PRENN_Projekt\PREN_Team30_OCR_ROMAN\JavaApplication3\lib\lept4j-1.2.3.jar;C:\Users\bruno\Desktop\Studium\03_Semester3\03_PRENN_Projekt\PREN_Team30_OCR_ROMAN\JavaApplication3\lib\jul-to-slf4j-1.7.21.jar;C:\Users\bruno\Desktop\Studium\03_Semester3\03_PRENN_Projekt\PREN_Team30_OCR_ROMAN\JavaApplication3\lib\slf4j-api-1.7.21.jar;C:\Users\bruno\Desktop\Studium\03_Semester3\03_PRENN_Projekt\PREN_Team30_OCR_ROMAN\JavaApplication3\lib\log4j-over-slf4j-1.7.21.jar;C:\Users\bruno\Desktop\Studium\03_Semester3\03_PRENN_Projekt\PREN_Team30_OCR_ROMAN\JavaApplication3\lib\slf4j-api-1.6.1.jar;C:\Users\bruno\Desktop\Studium\03_Semester3\03_PRENN_Projekt\PREN_Team30_OCR_ROMAN\JavaApplication3\lib\slf4j-simple-1.6.1.jar;C:\Users\bruno\Desktop\Studium\03_Semester3\03_PRENN_Projekt\PREN_Team30_OCR_ROMAN\JavaApplication3\build\classes
Launcher Type: SUN_STANDARD

Environment Variables:
PATH=C:\ProgramData\Oracle\Java\javapath;C:\Program Files (x86)\NVIDIA Corporation\PhysX\Common;C:\Program Files (x86)\Intel\iCLS Client\;C:\Program Files\Intel\iCLS Client\;C:\WINDOWS\system32;C:\WINDOWS;C:\WINDOWS\System32\Wbem;C:\WINDOWS\System32\WindowsPowerShell\v1.0\;C:\Program Files\Intel\Intel(R) Management Engine Components\DAL;C:\Program Files\Intel\Intel(R) Management Engine Components\IPT;C:\Program Files (x86)\Intel\Intel(R) Management Engine Components\DAL;C:\Program Files (x86)\Intel\Intel(R) Management Engine Components\IPT;C:\Program Files (x86)\Skype\Phone\;C:\Program Files (x86)\Windows Live\Shared;C:\Program Files\Microsoft SQL Server\120\Tools\Binn\;D:\opencv\build\java\x64;C:\Users\bruno\AppData\Local\Microsoft\WindowsApps;C:\Program Files (x86)\Nmap
USERNAME=bruno
OS=Windows_NT
PROCESSOR_IDENTIFIER=Intel64 Family 6 Model 69 Stepping 1, GenuineIntel



---------------  S Y S T E M  ---------------

OS: Windows 10.0 , 64 bit Build 14393 (10.0.14393.0)

CPU:total 4 (2 cores per cpu, 2 threads per core) family 6 model 69 stepping 1, cmov, cx8, fxsr, mmx, sse, sse2, sse3, ssse3, sse4.1, sse4.2, popcnt, avx, avx2, aes, clmul, erms, lzcnt, ht, tsc, tscinvbit, bmi1, bmi2

Memory: 4k page, physical 8269064k(4067284k free), swap 9579784k(3383960k free)

vm_info: Java HotSpot(TM) 64-Bit Server VM (25.60-b23) for windows-amd64 JRE (1.8.0_60-b27), built on Aug  4 2015 11:06:27 by "java_re" with MS VC++ 10.0 (VS2010)

time: Thu Nov 03 11:09:28 2016
elapsed time: 4 seconds (0d 0h 0m 4s)

